[info{5}] ../shared/m_readini.f90(66): key ntdec_w_prg is not found.
[info{5}] ../shared/m_readini.f90(68): Use default value            0 instead.
[info{16}] ../shared/m_readini.f90(66): key ntdec_w_prg is not found.
[info{16}] ../shared/m_readini.f90(68): Use default value            0 instead.
[info{14}] ../shared/m_readini.f90(66): key ntdec_w_prg is not found.
[info{14}] ../shared/m_readini.f90(68): Use default value            0 instead.
[info{29}] ../shared/m_readini.f90(66): key ntdec_w_prg is not found.
[info{29}] ../shared/m_readini.f90(68): Use default value            0 instead.
[info{22}] ../shared/m_readini.f90(66): key ntdec_w_prg is not found.
[info{22}] ../shared/m_readini.f90(68): Use default value            0 instead.
[info{28}] ../shared/m_readini.f90(66): key ntdec_w_prg is not found.
[info{28}] ../shared/m_readini.f90(68): Use default value            0 instead.
[info{34}] ../shared/m_readini.f90(66): key ntdec_w_prg is not found.
[info{34}] ../shared/m_readini.f90(68): Use default value            0 instead.
[info{6}] ../shared/m_readini.f90(66): key ntdec_w_prg is not found.
[info{6}] ../shared/m_readini.f90(68): Use default value            0 instead.
[info{23}] ../shared/m_readini.f90(66): key ntdec_w_prg is not found.
[info{23}] ../shared/m_readini.f90(68): Use default value            0 instead.
[info{1}] ../shared/m_readini.f90(66): key ntdec_w_prg is not found.
[info{1}] ../shared/m_readini.f90(68): Use default value            0 instead.
[info{12}] ../shared/m_readini.f90(66): key ntdec_w_prg is not found.
[info{12}] ../shared/m_readini.f90(68): Use default value            0 instead.
[info{0}] ../shared/m_readini.f90(66): key ntdec_w_prg is not found.
[info{0}] ../shared/m_readini.f90(68): Use default value            0 instead.
[info{31}] ../shared/m_readini.f90(66): key ntdec_w_prg is not found.
[info{31}] ../shared/m_readini.f90(68): Use default value            0 instead.
[info{15}] ../shared/m_readini.f90(66): key ntdec_w_prg is not found.
[info{15}] ../shared/m_readini.f90(68): Use default value            0 instead.
[info{32}] ../shared/m_readini.f90(66): key ntdec_w_prg is not found.
[info{32}] ../shared/m_readini.f90(68): Use default value            0 instead.
[info{2}] ../shared/m_readini.f90(66): key ntdec_w_prg is not found.
[info{2}] ../shared/m_readini.f90(68): Use default value            0 instead.
[info{35}] ../shared/m_readini.f90(66): key ntdec_w_prg is not found.
[info{35}] ../shared/m_readini.f90(68): Use default value            0 instead.
[info{20}] ../shared/m_readini.f90(66): key ntdec_w_prg is not found.
[info{20}] ../shared/m_readini.f90(68): Use default value            0 instead.
[info{25}] ../shared/m_readini.f90(66): key ntdec_w_prg is not found.
[info{25}] ../shared/m_readini.f90(68): Use default value            0 instead.
[info{13}] ../shared/m_readini.f90(66): key ntdec_w_prg is not found.
[info{13}] ../shared/m_readini.f90(68): Use default value            0 instead.
[info{26}] ../shared/m_readini.f90(66): key ntdec_w_prg is not found.
[info{26}] ../shared/m_readini.f90(68): Use default value            0 instead.
[info{4}] ../shared/m_readini.f90(66): key ntdec_w_prg is not found.
[info{4}] ../shared/m_readini.f90(68): Use default value            0 instead.
[info{9}] ../shared/m_readini.f90(66): key ntdec_w_prg is not found.
[info{9}] ../shared/m_readini.f90(68): Use default value            0 instead.
[info{17}] ../shared/m_readini.f90(66): key ntdec_w_prg is not found.
[info{17}] ../shared/m_readini.f90(68): Use default value            0 instead.
[info{30}] ../shared/m_readini.f90(66): key ntdec_w_prg is not found.
[info{30}] ../shared/m_readini.f90(68): Use default value            0 instead.
[info{7}] ../shared/m_readini.f90(66): key ntdec_w_prg is not found.
[info{7}] ../shared/m_readini.f90(68): Use default value            0 instead.
[info{8}] ../shared/m_readini.f90(66): key ntdec_w_prg is not found.
[info{8}] ../shared/m_readini.f90(68): Use default value            0 instead.
[info{11}] ../shared/m_readini.f90(66): key ntdec_w_prg is not found.
[info{11}] ../shared/m_readini.f90(68): Use default value            0 instead.
[info{18}] ../shared/m_readini.f90(66): key ntdec_w_prg is not found.
[info{18}] ../shared/m_readini.f90(68): Use default value            0 instead.
[info{19}] ../shared/m_readini.f90(66): key ntdec_w_prg is not found.
[info{19}] ../shared/m_readini.f90(68): Use default value            0 instead.
[info{21}] ../shared/m_readini.f90(66): key ntdec_w_prg is not found.
[info{21}] ../shared/m_readini.f90(68): Use default value            0 instead.
[info{24}] ../shared/m_readini.f90(66): key ntdec_w_prg is not found.
[info{24}] ../shared/m_readini.f90(68): Use default value            0 instead.
[info{27}] ../shared/m_readini.f90(66): key ntdec_w_prg is not found.
[info{27}] ../shared/m_readini.f90(68): Use default value            0 instead.
[info{3}] ../shared/m_readini.f90(66): key ntdec_w_prg is not found.
[info{3}] ../shared/m_readini.f90(68): Use default value            0 instead.
[info{10}] ../shared/m_readini.f90(66): key ntdec_w_prg is not found.
[info{10}] ../shared/m_readini.f90(68): Use default value            0 instead.
[info{33}] ../shared/m_readini.f90(66): key ntdec_w_prg is not found.
[info{33}] ../shared/m_readini.f90(68): Use default value            0 instead.

 ------------------------------------------------------------------------------
  SWPC_3D version 25.05
 ------------------------------------------------------------------------------

  Grid Size               :      400 x    400 x    270
  MPI Partitioning        :        6 x    6
  Total Memory Size       :           9.603  [GiB]
  Node Memory Size        :           0.267  [GiB]
  Stability  Condition c  :           0.700  (c<1)
  Wavelength Condition r  :          10.786  (r>5-10)
  Minimum velocity        :           1.961  [km/s]
  Maximum velocity        :           3.466  [km/s]
  Maximum frequency       :          18.182  [Hz]

 ------------------------------------------------------------------------------

  it=0000100, 0.794 s/loop, eta 000:25:07, ( 0.00E+00  0.00E+00  0.00E+00 )
  it=0000200, 0.795 s/loop, eta 000:23:51, ( 7.08E-25  7.01E-25  1.84E-23 )
  it=0000300, 0.796 s/loop, eta 000:22:33, ( 1.23E-05  1.18E-05  6.50E-05 )
  it=0000400, 0.797 s/loop, eta 000:21:14, ( 2.89E-05  2.51E-05  4.94E-05 )
  it=0000500, 0.797 s/loop, eta 000:19:55, ( 1.84E-04  1.19E-04  1.63E-04 )
  it=0000600, 0.796 s/loop, eta 000:18:34, ( 1.11E-04  1.02E-04  1.48E-04 )
  it=0000700, 0.796 s/loop, eta 000:17:15, ( 8.16E-05  1.04E-04  1.27E-04 )
Killed
